<?xml version="1.0" encoding="UTF-8"?>
<testsuite name="logic.DieTest" tests="13" skipped="0" failures="0" errors="0" timestamp="2019-12-12T10:38:03" hostname="Kamil-PC" time="0.728">
  <properties/>
  <testcase name="getSidesEquals6()" classname="logic.DieTest" time="0.641"/>
  <testcase name="IsBettingDonePropertyCheckFalseFXML()" classname="logic.DieTest" time="0.042"/>
  <testcase name="bettingDoneMethodIsCalledTrue()" classname="logic.DieTest" time="0.005"/>
  <testcase name="getCurrentFaceCheckNotNullTrue()" classname="logic.DieTest" time="0.002"/>
  <testcase name="setCurrentFaceNewFaceCantNotBeZero()" classname="logic.DieTest" time="0.004"/>
  <testcase name="setDieNameEquals4SidedDie()" classname="logic.DieTest" time="0.001"/>
  <testcase name="getTimesRolledEquals3()" classname="logic.DieTest" time="0.002"/>
  <testcase name="IsBettingDonePropertyCheckTrueFXML()" classname="logic.DieTest" time="0.007"/>
  <testcase name="bettingDoneGettingCurrentPlayerIsHuman()" classname="logic.DieTest" time="0.002"/>
  <testcase name="setCurrentFaceEqualsThree()" classname="logic.DieTest" time="0.002"/>
  <testcase name="getCurrentFaceStringTest()" classname="logic.DieTest" time="0.002"/>
  <testcase name="getDieNameEquals2SidedDie()" classname="logic.DieTest" time="0.002"/>
  <testcase name="getRollHistorySizeNotNull()" classname="logic.DieTest" time="0.002"/>
  <system-out><![CDATA[]]></system-out>
  <system-err><![CDATA[]]></system-err>
</testsuite>
